2022/11/23 17:08:08 - __main__ - INFO - 55 - main - Namespace(batchSize=100, dataset='LastFM', dropout_global_att=0.5, dropout_global_ffn=0.5, epoch=50, fuse_A=False, global_att_block_nums=5, global_att_head_nums=4, hiddenSize=100, l2=1e-05, len_max=70, log_file='log/', lr=0.001, lr_dc=0.5, lr_dc_step=3, mt=0.9, nonhybrid=False, patience=5, random_seed=2023, step_global=2, valid_portion=0.1, validation=False)
2022/11/23 17:08:46 - __main__ - INFO - 122 - main - -------------------------------------------------------
2022/11/23 17:08:46 - __main__ - INFO - 124 - main - epoch: 0
2022/11/23 17:08:46 - __main__ - INFO - 199 - model - start training:2022-11-23 17:08:46.778443
2022/11/23 17:08:49 - __main__ - INFO - 215 - model - [0/28377] Loss: 10.5511
2022/11/23 17:35:23 - __main__ - INFO - 215 - model - [5676/28377] Loss: 5.7504
2022/11/23 18:02:25 - __main__ - INFO - 215 - model - [11352/28377] Loss: 4.0621
2022/11/23 18:30:18 - __main__ - INFO - 215 - model - [17028/28377] Loss: 3.7349
2022/11/23 18:58:02 - __main__ - INFO - 215 - model - [22704/28377] Loss: 3235.6294
2022/11/23 19:25:43 - __main__ - INFO - 217 - model - 	Loss:	503301440.000
2022/11/23 19:25:44 - __main__ - INFO - 219 - model - start predicting: 2022-11-23 19:25:44.013257
2022/11/23 19:36:00 - __main__ - INFO - 140 - main - Best Result:
2022/11/23 19:36:00 - __main__ - INFO - 141 - main - 	Recall@20:	41.1443	MMR@20:	22.6823	Epoch:	0,	0
2022/11/23 19:36:00 - __main__ - INFO - 122 - main - -------------------------------------------------------
2022/11/23 19:36:00 - __main__ - INFO - 124 - main - epoch: 1
2022/11/23 19:36:00 - __main__ - INFO - 199 - model - start training:2022-11-23 19:36:00.526009
2022/11/23 19:36:02 - __main__ - INFO - 215 - model - [0/28377] Loss: 324.1724
2022/11/23 20:04:08 - __main__ - INFO - 215 - model - [5676/28377] Loss: 3600.4243
2022/11/23 20:32:16 - __main__ - INFO - 215 - model - [11352/28377] Loss: 14612.7549
2022/11/23 21:00:42 - __main__ - INFO - 215 - model - [17028/28377] Loss: 45409.0586
2022/11/23 21:28:53 - __main__ - INFO - 215 - model - [22704/28377] Loss: 3089.9243
2022/11/23 21:56:58 - __main__ - INFO - 217 - model - 	Loss:	3911080960.000
2022/11/23 21:56:58 - __main__ - INFO - 219 - model - start predicting: 2022-11-23 21:56:58.057588
2022/11/23 22:06:21 - __main__ - INFO - 140 - main - Best Result:
2022/11/23 22:06:21 - __main__ - INFO - 141 - main - 	Recall@20:	41.1443	MMR@20:	22.6823	Epoch:	0,	0
2022/11/23 22:06:21 - __main__ - INFO - 122 - main - -------------------------------------------------------
2022/11/23 22:06:21 - __main__ - INFO - 124 - main - epoch: 2
2022/11/23 22:06:21 - __main__ - INFO - 199 - model - start training:2022-11-23 22:06:21.176407
2022/11/23 22:06:22 - __main__ - INFO - 215 - model - [0/28377] Loss: 315181.3438
2022/11/23 22:32:37 - __main__ - INFO - 215 - model - [5676/28377] Loss: 251281.5625
2022/11/23 22:59:29 - __main__ - INFO - 215 - model - [11352/28377] Loss: 1163.6005
2022/11/23 23:26:23 - __main__ - INFO - 215 - model - [17028/28377] Loss: 94.0219
2022/11/23 23:53:16 - __main__ - INFO - 215 - model - [22704/28377] Loss: 45.6892
2022/11/24 00:20:08 - __main__ - INFO - 217 - model - 	Loss:	480081696.000
2022/11/24 00:20:08 - __main__ - INFO - 219 - model - start predicting: 2022-11-24 00:20:08.552569
2022/11/24 00:28:56 - __main__ - INFO - 140 - main - Best Result:
2022/11/24 00:28:56 - __main__ - INFO - 141 - main - 	Recall@20:	41.1443	MMR@20:	22.6823	Epoch:	0,	0
2022/11/24 00:28:56 - __main__ - INFO - 122 - main - -------------------------------------------------------
2022/11/24 00:28:56 - __main__ - INFO - 124 - main - epoch: 3
2022/11/24 00:28:56 - __main__ - INFO - 199 - model - start training:2022-11-24 00:28:56.761461
2022/11/24 00:28:57 - __main__ - INFO - 215 - model - [0/28377] Loss: 488.7785
2022/11/24 00:55:43 - __main__ - INFO - 215 - model - [5676/28377] Loss: 19.1078
2022/11/24 01:22:33 - __main__ - INFO - 215 - model - [11352/28377] Loss: 11.9386
2022/11/24 01:49:22 - __main__ - INFO - 215 - model - [17028/28377] Loss: 6.7972
2022/11/24 02:16:11 - __main__ - INFO - 215 - model - [22704/28377] Loss: 6.6399
2022/11/24 02:43:08 - __main__ - INFO - 217 - model - 	Loss:	3295005.500
2022/11/24 02:43:08 - __main__ - INFO - 219 - model - start predicting: 2022-11-24 02:43:08.543371
2022/11/24 02:51:57 - __main__ - INFO - 140 - main - Best Result:
2022/11/24 02:51:57 - __main__ - INFO - 141 - main - 	Recall@20:	67.0430	MMR@20:	44.1170	Epoch:	3,	3
2022/11/24 02:51:57 - __main__ - INFO - 122 - main - -------------------------------------------------------
2022/11/24 02:51:57 - __main__ - INFO - 124 - main - epoch: 4
2022/11/24 02:51:57 - __main__ - INFO - 199 - model - start training:2022-11-24 02:51:57.940858
2022/11/24 02:51:58 - __main__ - INFO - 215 - model - [0/28377] Loss: 4.9465
2022/11/24 03:18:51 - __main__ - INFO - 215 - model - [5676/28377] Loss: 4.4310
2022/11/24 03:45:45 - __main__ - INFO - 215 - model - [11352/28377] Loss: 3.6800
2022/11/24 04:12:38 - __main__ - INFO - 215 - model - [17028/28377] Loss: 4.1406
2022/11/24 04:39:46 - __main__ - INFO - 215 - model - [22704/28377] Loss: 3.9340
2022/11/24 05:06:38 - __main__ - INFO - 217 - model - 	Loss:	222220.516
2022/11/24 05:06:38 - __main__ - INFO - 219 - model - start predicting: 2022-11-24 05:06:38.498294
2022/11/24 05:15:31 - __main__ - INFO - 140 - main - Best Result:
2022/11/24 05:15:31 - __main__ - INFO - 141 - main - 	Recall@20:	76.1751	MMR@20:	59.2094	Epoch:	4,	4
2022/11/24 05:15:31 - __main__ - INFO - 122 - main - -------------------------------------------------------
2022/11/24 05:15:31 - __main__ - INFO - 124 - main - epoch: 5
2022/11/24 05:15:31 - __main__ - INFO - 199 - model - start training:2022-11-24 05:15:31.508013
2022/11/24 05:15:32 - __main__ - INFO - 215 - model - [0/28377] Loss: 2.7757
2022/11/24 05:42:23 - __main__ - INFO - 215 - model - [5676/28377] Loss: 3.0413
2022/11/24 06:09:16 - __main__ - INFO - 215 - model - [11352/28377] Loss: 3.4951
2022/11/24 06:36:12 - __main__ - INFO - 215 - model - [17028/28377] Loss: 41.4695
2022/11/24 07:03:08 - __main__ - INFO - 215 - model - [22704/28377] Loss: 6.0253
2022/11/24 07:30:01 - __main__ - INFO - 217 - model - 	Loss:	899027.500
2022/11/24 07:30:01 - __main__ - INFO - 219 - model - start predicting: 2022-11-24 07:30:01.744697
2022/11/24 07:39:01 - __main__ - INFO - 140 - main - Best Result:
2022/11/24 07:39:01 - __main__ - INFO - 141 - main - 	Recall@20:	76.1751	MMR@20:	59.2094	Epoch:	4,	4
2022/11/24 07:39:01 - __main__ - INFO - 122 - main - -------------------------------------------------------
2022/11/24 07:39:01 - __main__ - INFO - 124 - main - epoch: 6
2022/11/24 07:39:01 - __main__ - INFO - 199 - model - start training:2022-11-24 07:39:01.851171
2022/11/24 07:39:02 - __main__ - INFO - 215 - model - [0/28377] Loss: 3.4823
2022/11/24 08:05:55 - __main__ - INFO - 215 - model - [5676/28377] Loss: 3.3206
2022/11/24 08:32:51 - __main__ - INFO - 215 - model - [11352/28377] Loss: 3.2049
2022/11/24 08:59:44 - __main__ - INFO - 215 - model - [17028/28377] Loss: 3.6887
2022/11/24 09:26:58 - __main__ - INFO - 215 - model - [22704/28377] Loss: 3.4535
2022/11/24 09:54:36 - __main__ - INFO - 217 - model - 	Loss:	94126.852
2022/11/24 09:54:36 - __main__ - INFO - 219 - model - start predicting: 2022-11-24 09:54:36.130385
2022/11/24 10:03:58 - __main__ - INFO - 140 - main - Best Result:
2022/11/24 10:03:58 - __main__ - INFO - 141 - main - 	Recall@20:	77.2066	MMR@20:	64.7171	Epoch:	6,	6
2022/11/24 10:03:58 - __main__ - INFO - 122 - main - -------------------------------------------------------
2022/11/24 10:03:58 - __main__ - INFO - 124 - main - epoch: 7
2022/11/24 10:03:58 - __main__ - INFO - 199 - model - start training:2022-11-24 10:03:58.602941
2022/11/24 10:03:59 - __main__ - INFO - 215 - model - [0/28377] Loss: 2.0621
2022/11/24 10:30:06 - __main__ - INFO - 215 - model - [5676/28377] Loss: 2.5492
2022/11/24 10:57:14 - __main__ - INFO - 215 - model - [11352/28377] Loss: 3.0376
2022/11/24 11:23:39 - __main__ - INFO - 215 - model - [17028/28377] Loss: 3.5525
2022/11/24 11:53:11 - __main__ - INFO - 215 - model - [22704/28377] Loss: 3.1672
2022/11/24 12:23:33 - __main__ - INFO - 217 - model - 	Loss:	80429.078
2022/11/24 12:23:33 - __main__ - INFO - 219 - model - start predicting: 2022-11-24 12:23:33.338857
2022/11/24 12:34:50 - __main__ - INFO - 140 - main - Best Result:
2022/11/24 12:34:50 - __main__ - INFO - 141 - main - 	Recall@20:	77.8677	MMR@20:	66.3890	Epoch:	7,	7
2022/11/24 12:34:50 - __main__ - INFO - 122 - main - -------------------------------------------------------
2022/11/24 12:34:50 - __main__ - INFO - 124 - main - epoch: 8
2022/11/24 12:34:50 - __main__ - INFO - 199 - model - start training:2022-11-24 12:34:50.548384
2022/11/24 12:34:57 - __main__ - INFO - 215 - model - [0/28377] Loss: 1.9452
2022/11/24 13:05:11 - __main__ - INFO - 215 - model - [5676/28377] Loss: 2.3701
2022/11/24 13:35:19 - __main__ - INFO - 215 - model - [11352/28377] Loss: 2.7166
2022/11/24 14:04:23 - __main__ - INFO - 215 - model - [17028/28377] Loss: 3.3681
2022/11/24 14:32:23 - __main__ - INFO - 215 - model - [22704/28377] Loss: 3.0991
2022/11/24 15:01:12 - __main__ - INFO - 217 - model - 	Loss:	74818.969
2022/11/24 15:01:13 - __main__ - INFO - 219 - model - start predicting: 2022-11-24 15:01:13.580457
2022/11/24 15:12:31 - __main__ - INFO - 140 - main - Best Result:
2022/11/24 15:12:31 - __main__ - INFO - 141 - main - 	Recall@20:	77.8677	MMR@20:	68.1165	Epoch:	7,	8
2022/11/24 15:12:31 - __main__ - INFO - 122 - main - -------------------------------------------------------
2022/11/24 15:12:31 - __main__ - INFO - 124 - main - epoch: 9
2022/11/24 15:12:31 - __main__ - INFO - 199 - model - start training:2022-11-24 15:12:31.217996
2022/11/24 15:12:37 - __main__ - INFO - 215 - model - [0/28377] Loss: 1.7979
2022/11/24 15:41:41 - __main__ - INFO - 215 - model - [5676/28377] Loss: 2.1531
2022/11/24 16:11:40 - __main__ - INFO - 215 - model - [11352/28377] Loss: 2.4460
2022/11/24 16:42:03 - __main__ - INFO - 215 - model - [17028/28377] Loss: 3.2108
